2026-07-14 19:03:33 | INFO | ML | === RUN START ===
2026-07-14 19:03:33 | INFO | ML | project=ML
2026-07-14 19:03:33 | INFO | ML | repo_dir=ml-03-classification
2026-07-14 19:03:33 | INFO | ML | python=3.14.3
2026-07-14 19:03:33 | INFO | ML | os=Windows 11
2026-07-14 19:03:33 | INFO | ML | shell=powershell
2026-07-14 19:03:33 | INFO | ML | cwd=.
2026-07-14 19:03:33 | INFO | ML | github_actions=False
2026-07-14 19:03:33 | INFO | ML | === RUN START ===
2026-07-14 19:03:33 | INFO | ML | project=ML
2026-07-14 19:03:33 | INFO | ML | repo_dir=ml-03-classification
2026-07-14 19:03:33 | INFO | ML | python=3.14.3
2026-07-14 19:03:33 | INFO | ML | os=Windows 11
2026-07-14 19:03:33 | INFO | ML | shell=powershell
2026-07-14 19:03:33 | INFO | ML | cwd=.
2026-07-14 19:03:33 | INFO | ML | github_actions=False
2026-07-14 19:03:33 | INFO | ML | ========================
2026-07-14 19:03:33 | INFO | ML | START main()
2026-07-14 19:03:33 | INFO | ML | ========================
2026-07-14 19:03:33 | INFO | ML | Load dataset..............
2026-07-14 19:03:33 | INFO | ML | Loading dataset: hours_scores_case
2026-07-14 19:03:34 | INFO | ML | Loaded: 10 rows, 6 columns
2026-07-14 19:03:34 | DEBUG | ML | 
   hours_studied  practice_quizzes  attendance_pct  sleep_hours  prior_score  score
0            2.0                 1              72          6.0           58     62
1            3.5                 2              80          6.5           61     68
2            4.0                 3              85          7.0           64     72
3            5.0                 3              88          7.5           66     76
4            6.0                 4              90          7.0           70     81
2026-07-14 19:03:34 | INFO | ML | Inspect dataset...........
2026-07-14 19:03:34 | INFO | ML | Column names
2026-07-14 19:03:34 | DEBUG | ML | ['hours_studied', 'practice_quizzes', 'attendance_pct', 'sleep_hours', 'prior_score', 'score']
2026-07-14 19:03:34 | INFO | ML | DataFrame info
2026-07-14 19:03:34 | INFO | ML | Dataset shape: 10 rows, 6 columns
2026-07-14 19:03:34 | INFO | ML | Check data quality........
2026-07-14 19:03:34 | INFO | ML | Missing values by column
2026-07-14 19:03:34 | DEBUG | ML | 
hours_studied       0
practice_quizzes    0
attendance_pct      0
sleep_hours         0
prior_score         0
score               0
dtype: int64
2026-07-14 19:03:34 | INFO | ML | Duplicate row count: 0
2026-07-14 19:03:34 | INFO | ML | Create clean view.........
2026-07-14 19:03:34 | INFO | ML | Creating clean modeling view
2026-07-14 19:03:34 | INFO | ML | Clean view: 10 rows, 6 columns
2026-07-14 19:03:34 | INFO | ML | Train supervised model....
2026-07-14 19:03:34 | INFO | ML | Training LinearRegression model
2026-07-14 19:03:34 | INFO | ML | Mean absolute error: 0.48
2026-07-14 19:03:34 | INFO | ML | R-squared: 1.00
2026-07-14 19:03:34 | INFO | ML | Predict one case..........
2026-07-14 19:03:34 | INFO | ML | Predicting one new case
2026-07-14 19:03:34 | INFO | ML | New case:
   hours_studied  practice_quizzes  attendance_pct  sleep_hours  prior_score
0            6.5                 4              92          7.0           72
2026-07-14 19:03:34 | INFO | ML | Predicted score: 83.4
2026-07-14 19:03:34 | INFO | ML | Create charts.............
2026-07-14 19:03:34 | INFO | ML | Creating chart: hours studied vs score
2026-07-14 19:03:36 | INFO | ML | Creating chart: model coefficients
2026-07-14 19:03:36 | INFO | ML | Got a figure Figure(900x500) and axes Axes(0.125,0.11;0.775x0.77) from plt.subplots().
2026-07-14 19:03:36 | INFO | ML | Summarize workflow........
2026-07-14 19:03:36 | INFO | ML | ========================
2026-07-14 19:03:36 | INFO | ML | SUMMARY
2026-07-14 19:03:36 | INFO | ML | ========================
2026-07-14 19:03:36 | INFO | ML | Dataset: hours_scores_case
2026-07-14 19:03:36 | INFO | ML | Original rows: 10
2026-07-14 19:03:36 | INFO | ML | Clean rows: 10
2026-07-14 19:03:36 | INFO | ML | Features: ['hours_studied', 'practice_quizzes', 'attendance_pct', 'sleep_hours', 'prior_score']
2026-07-14 19:03:36 | INFO | ML | Target: score
2026-07-14 19:03:36 | INFO | ML | ----- in a script, call plt.show() once at the end to display all charts -----
2026-07-14 19:03:36 | INFO | ML | ----- in a script, CLOSE the chart windows with the close button to CONTINUE -----
2026-07-14 19:03:42 | INFO | ML | Workflow complete
2026-07-14 19:03:42 | INFO | ML | IMPORTANT: This script creates chart windows.
2026-07-14 19:03:42 | INFO | ML | Close chart windows and terminate this process with CTRL+c as needed.
2026-07-14 19:03:42 | INFO | ML | ========================
2026-07-14 19:03:42 | INFO | ML | Executed successfully!
2026-07-14 19:03:42 | INFO | ML | ========================
2026-07-14 19:14:01 | INFO | M03 | === RUN START ===
2026-07-14 19:14:01 | INFO | M03 | project=M03
2026-07-14 19:14:01 | INFO | M03 | repo_dir=ml-03-classification
2026-07-14 19:14:01 | INFO | M03 | python=3.14.3
2026-07-14 19:14:01 | INFO | M03 | os=Windows 11
2026-07-14 19:14:01 | INFO | M03 | shell=powershell
2026-07-14 19:14:01 | INFO | M03 | cwd=notebooks
2026-07-14 19:14:01 | INFO | M03 | github_actions=False
2026-07-14 19:14:01 | INFO | M03 | Confirming installation:
2026-07-14 19:14:01 | INFO | M03 |   python:       3.14.3
2026-07-14 19:14:01 | INFO | M03 |   pandas:       3.0.3
2026-07-14 19:14:01 | INFO | M03 |   numpy:        2.5.1
2026-07-14 19:14:01 | INFO | M03 |   scikit-learn: 1.9.0
2026-07-14 19:14:01 | INFO | M03 |   seaborn:      0.13.2
2026-07-14 19:14:01 | INFO | M03 |   matplotlib:   3.11.0
2026-07-14 19:14:01 | INFO | M03 | Loading dataset: penguins
2026-07-14 19:14:01 | INFO | M03 | Loaded: 344 rows (instances), 7 columns
2026-07-14 19:14:01 | INFO | M03 | Original rows: 344
2026-07-14 19:14:01 | INFO | M03 | Model rows:    342
2026-07-14 19:14:01 | INFO | M03 | Classes in target 'species': ['Adelie', 'Chinstrap', 'Gentoo']
2026-07-14 19:14:01 | DEBUG | M03 | Class counts:
species
Adelie       151
Gentoo       123
Chinstrap     68
Name: count, dtype: int64
2026-07-14 19:14:01 | INFO | M03 | Train instances: 273
2026-07-14 19:14:01 | INFO | M03 | Test instances: 69
2026-07-14 19:14:01 | INFO | M03 | Fitting DecisionTreeClassifier(max_depth=3)
2026-07-14 19:14:01 | INFO | M03 | Test accuracy: 0.986
2026-07-14 19:14:01 | INFO | M03 | Per-class precision / recall / F1:
2026-07-14 19:14:01 | DEBUG | M03 | 
              precision    recall  f1-score   support

      Adelie       0.97      1.00      0.98        30
   Chinstrap       1.00      0.93      0.96        14
      Gentoo       1.00      1.00      1.00        25

    accuracy                           0.99        69
   macro avg       0.99      0.98      0.98        69
weighted avg       0.99      0.99      0.99        69

2026-07-14 19:14:01 | INFO | M03 | Showing confusion matrix (rows = actual, cols = predicted)
2026-07-14 19:14:02 | DEBUG | M03 |   depth= 1  train=0.791  test=0.797
2026-07-14 19:14:02 | DEBUG | M03 |   depth= 2  train=0.960  test=0.986
2026-07-14 19:14:02 | DEBUG | M03 |   depth= 3  train=0.967  test=0.986
2026-07-14 19:14:02 | DEBUG | M03 |   depth= 4  train=0.989  test=1.000
2026-07-14 19:14:02 | DEBUG | M03 |   depth= 5  train=0.996  test=1.000
2026-07-14 19:14:02 | DEBUG | M03 |   depth= 6  train=0.996  test=1.000
2026-07-14 19:14:02 | DEBUG | M03 |   depth= 7  train=1.000  test=1.000
2026-07-14 19:14:02 | DEBUG | M03 |   depth= 8  train=1.000  test=1.000
2026-07-14 19:14:02 | DEBUG | M03 |   depth= 9  train=1.000  test=1.000
2026-07-14 19:14:02 | DEBUG | M03 |   depth=10  train=1.000  test=1.000
2026-07-14 19:14:02 | DEBUG | M03 |   depth=11  train=1.000  test=1.000
2026-07-14 19:14:02 | DEBUG | M03 |   depth=12  train=1.000  test=1.000
2026-07-14 19:14:02 | INFO | M03 | ========================
2026-07-14 19:14:02 | INFO | M03 | SUMMARY
2026-07-14 19:14:02 | INFO | M03 | ========================
2026-07-14 19:14:02 | INFO | M03 | Dataset:   penguins
2026-07-14 19:14:02 | INFO | M03 | Target:    species  (classification)
2026-07-14 19:14:02 | INFO | M03 | Features:  ['bill_length_mm', 'bill_depth_mm', 'flipper_length_mm', 'body_mass_g']
2026-07-14 19:14:02 | INFO | M03 | Model:     DecisionTreeClassifier(max_depth=3)
2026-07-14 19:14:02 | INFO | M03 | ========================
2026-07-14 19:16:06 | INFO | M03 | === RUN START ===
2026-07-14 19:16:06 | INFO | M03 | project=M03
2026-07-14 19:16:06 | INFO | M03 | repo_dir=ml-03-classification
2026-07-14 19:16:06 | INFO | M03 | python=3.14.3
2026-07-14 19:16:06 | INFO | M03 | os=Windows 11
2026-07-14 19:16:06 | INFO | M03 | shell=powershell
2026-07-14 19:16:06 | INFO | M03 | cwd=notebooks
2026-07-14 19:16:06 | INFO | M03 | github_actions=False
2026-07-14 19:16:06 | INFO | M03 | Confirming installation:
2026-07-14 19:16:06 | INFO | M03 |   python:       3.14.3
2026-07-14 19:16:06 | INFO | M03 |   pandas:       3.0.3
2026-07-14 19:16:06 | INFO | M03 |   numpy:        2.5.1
2026-07-14 19:16:06 | INFO | M03 |   scikit-learn: 1.9.0
2026-07-14 19:16:06 | INFO | M03 |   seaborn:      0.13.2
2026-07-14 19:16:06 | INFO | M03 |   matplotlib:   3.11.0
2026-07-14 19:16:06 | INFO | M03 | Loading dataset: penguins
2026-07-14 19:16:06 | INFO | M03 | Loaded: 344 rows (instances), 7 columns
2026-07-14 19:16:06 | INFO | M03 | Original rows: 344
2026-07-14 19:16:06 | INFO | M03 | Model rows:    342
2026-07-14 19:16:06 | INFO | M03 | Classes in target 'species': ['Adelie', 'Chinstrap', 'Gentoo']
2026-07-14 19:16:06 | DEBUG | M03 | Class counts:
species
Adelie       151
Gentoo       123
Chinstrap     68
Name: count, dtype: int64
2026-07-14 19:16:06 | INFO | M03 | Train instances: 273
2026-07-14 19:16:06 | INFO | M03 | Test instances: 69
2026-07-14 19:16:06 | INFO | M03 | Fitting DecisionTreeClassifier(max_depth=3)
2026-07-14 19:16:06 | INFO | M03 | Test accuracy: 0.986
2026-07-14 19:16:06 | INFO | M03 | Per-class precision / recall / F1:
2026-07-14 19:16:06 | DEBUG | M03 | 
              precision    recall  f1-score   support

      Adelie       0.97      1.00      0.98        30
   Chinstrap       1.00      0.93      0.96        14
      Gentoo       1.00      1.00      1.00        25

    accuracy                           0.99        69
   macro avg       0.99      0.98      0.98        69
weighted avg       0.99      0.99      0.99        69

2026-07-14 19:16:06 | INFO | M03 | Showing confusion matrix (rows = actual, cols = predicted)
2026-07-14 19:16:06 | DEBUG | M03 |   depth= 1  train=0.791  test=0.797
2026-07-14 19:16:06 | DEBUG | M03 |   depth= 2  train=0.960  test=0.986
2026-07-14 19:16:06 | DEBUG | M03 |   depth= 3  train=0.967  test=0.986
2026-07-14 19:16:06 | DEBUG | M03 |   depth= 4  train=0.989  test=1.000
2026-07-14 19:16:06 | DEBUG | M03 |   depth= 5  train=0.996  test=1.000
2026-07-14 19:16:06 | DEBUG | M03 |   depth= 6  train=0.996  test=1.000
2026-07-14 19:16:06 | DEBUG | M03 |   depth= 7  train=1.000  test=1.000
2026-07-14 19:16:06 | DEBUG | M03 |   depth= 8  train=1.000  test=1.000
2026-07-14 19:16:06 | DEBUG | M03 |   depth= 9  train=1.000  test=1.000
2026-07-14 19:16:06 | DEBUG | M03 |   depth=10  train=1.000  test=1.000
2026-07-14 19:16:06 | DEBUG | M03 |   depth=11  train=1.000  test=1.000
2026-07-14 19:16:06 | DEBUG | M03 |   depth=12  train=1.000  test=1.000
2026-07-14 19:16:06 | INFO | M03 | ========================
2026-07-14 19:16:06 | INFO | M03 | SUMMARY
2026-07-14 19:16:06 | INFO | M03 | ========================
2026-07-14 19:16:06 | INFO | M03 | Dataset:   penguins
2026-07-14 19:16:06 | INFO | M03 | Target:    species  (classification)
2026-07-14 19:16:06 | INFO | M03 | Features:  ['bill_length_mm', 'bill_depth_mm', 'flipper_length_mm', 'body_mass_g']
2026-07-14 19:16:06 | INFO | M03 | Model:     DecisionTreeClassifier(max_depth=3)
2026-07-14 19:16:06 | INFO | M03 | ========================
2026-07-14 20:13:18 | INFO | ML | === RUN START ===
2026-07-14 20:13:18 | INFO | ML | project=ML
2026-07-14 20:13:18 | INFO | ML | repo_dir=ml-03-classification
2026-07-14 20:13:18 | INFO | ML | python=3.14.3
2026-07-14 20:13:18 | INFO | ML | os=Windows 11
2026-07-14 20:13:18 | INFO | ML | shell=powershell
2026-07-14 20:13:18 | INFO | ML | cwd=.
2026-07-14 20:13:18 | INFO | ML | github_actions=False
2026-07-15 18:40:16 | INFO | ML | === RUN START ===
2026-07-15 18:40:16 | INFO | ML | project=ML
2026-07-15 18:40:16 | INFO | ML | repo_dir=ml-03-classification
2026-07-15 18:40:16 | INFO | ML | python=3.14.3
2026-07-15 18:40:16 | INFO | ML | os=Windows 11
2026-07-15 18:40:16 | INFO | ML | shell=powershell
2026-07-15 18:40:16 | INFO | ML | cwd=.
2026-07-15 18:40:16 | INFO | ML | github_actions=False
2026-07-18 21:52:13 | INFO | M03 | === RUN START ===
2026-07-18 21:52:13 | INFO | M03 | project=M03
2026-07-18 21:52:13 | INFO | M03 | repo_dir=ml-03-classification
2026-07-18 21:52:13 | INFO | M03 | python=3.14.3
2026-07-18 21:52:13 | INFO | M03 | os=Windows 11
2026-07-18 21:52:13 | INFO | M03 | shell=powershell
2026-07-18 21:52:13 | INFO | M03 | cwd=notebooks
2026-07-18 21:52:13 | INFO | M03 | github_actions=False
2026-07-18 21:52:13 | INFO | M03 | Confirming installation:
2026-07-18 21:52:13 | INFO | M03 |   python:       3.14.3
2026-07-18 21:52:13 | INFO | M03 |   pandas:       3.0.3
2026-07-18 21:52:13 | INFO | M03 |   numpy:        2.5.1
2026-07-18 21:52:13 | INFO | M03 |   scikit-learn: 1.9.0
2026-07-18 21:52:13 | INFO | M03 |   seaborn:      0.13.2
2026-07-18 21:52:13 | INFO | M03 |   matplotlib:   3.11.0
2026-07-18 21:52:13 | INFO | M03 | Loading dataset: penguins
2026-07-18 21:52:13 | INFO | M03 | Loaded: 344 rows (instances), 7 columns
2026-07-18 21:52:13 | INFO | M03 | Original rows: 344
2026-07-18 21:52:13 | INFO | M03 | Model rows:    342
2026-07-18 21:52:13 | INFO | M03 | Classes in target 'species': ['Adelie', 'Chinstrap', 'Gentoo']
2026-07-18 21:52:13 | DEBUG | M03 | Class counts:
species
Adelie       151
Gentoo       123
Chinstrap     68
Name: count, dtype: int64
2026-07-18 21:52:13 | INFO | M03 | Train instances: 273
2026-07-18 21:52:13 | INFO | M03 | Test instances: 69
2026-07-18 21:52:13 | INFO | M03 | Fitting DecisionTreeClassifier(max_depth=3)
2026-07-18 21:52:13 | INFO | M03 | Test accuracy: 0.986
2026-07-18 21:52:13 | INFO | M03 | Test Precision: 0.986
2026-07-18 21:52:13 | INFO | M03 | Test Recall: 0.986
2026-07-18 21:52:13 | INFO | M03 | Test F1 Score: 0.985
2026-07-18 21:52:13 | INFO | M03 | Per-class precision / recall / F1:
2026-07-18 21:52:13 | DEBUG | M03 | 
              precision    recall  f1-score   support

      Adelie       0.97      1.00      0.98        30
   Chinstrap       1.00      0.93      0.96        14
      Gentoo       1.00      1.00      1.00        25

    accuracy                           0.99        69
   macro avg       0.99      0.98      0.98        69
weighted avg       0.99      0.99      0.99        69

2026-07-18 21:52:13 | INFO | M03 | Showing confusion matrix (rows = actual, cols = predicted)
2026-07-18 21:52:14 | DEBUG | M03 |   depth= 1  train=0.791  test=0.797
2026-07-18 21:52:14 | DEBUG | M03 |   depth= 2  train=0.960  test=0.986
2026-07-18 21:52:14 | DEBUG | M03 |   depth= 3  train=0.967  test=0.986
2026-07-18 21:52:14 | DEBUG | M03 |   depth= 4  train=0.989  test=1.000
2026-07-18 21:52:14 | DEBUG | M03 |   depth= 5  train=0.996  test=1.000
2026-07-18 21:52:14 | DEBUG | M03 |   depth= 6  train=0.996  test=1.000
2026-07-18 21:52:14 | DEBUG | M03 |   depth= 7  train=1.000  test=1.000
2026-07-18 21:52:14 | DEBUG | M03 |   depth= 8  train=1.000  test=1.000
2026-07-18 21:52:14 | DEBUG | M03 |   depth= 9  train=1.000  test=1.000
2026-07-18 21:52:14 | DEBUG | M03 |   depth=10  train=1.000  test=1.000
2026-07-18 21:52:14 | DEBUG | M03 |   depth=11  train=1.000  test=1.000
2026-07-18 21:52:14 | DEBUG | M03 |   depth=12  train=1.000  test=1.000
2026-07-18 21:52:14 | INFO | M03 | ========================
2026-07-18 21:52:14 | INFO | M03 | SUMMARY
2026-07-18 21:52:14 | INFO | M03 | ========================
2026-07-18 21:52:14 | INFO | M03 | Dataset:   penguins
2026-07-18 21:52:14 | INFO | M03 | Target:    species  (classification)
2026-07-18 21:52:14 | INFO | M03 | Features:  ['bill_length_mm', 'bill_depth_mm', 'flipper_length_mm', 'body_mass_g']
2026-07-18 21:52:14 | INFO | M03 | Model:     DecisionTreeClassifier(max_depth=3)
2026-07-18 21:52:14 | INFO | M03 | ========================
2026-07-18 21:59:49 | INFO | M03 | === RUN START ===
2026-07-18 21:59:49 | INFO | M03 | project=M03
2026-07-18 21:59:49 | INFO | M03 | repo_dir=ml-03-classification
2026-07-18 21:59:49 | INFO | M03 | python=3.14.3
2026-07-18 21:59:49 | INFO | M03 | os=Windows 11
2026-07-18 21:59:49 | INFO | M03 | shell=powershell
2026-07-18 21:59:49 | INFO | M03 | cwd=notebooks
2026-07-18 21:59:49 | INFO | M03 | github_actions=False
2026-07-18 21:59:49 | INFO | M03 | Confirming installation:
2026-07-18 21:59:49 | INFO | M03 |   python:       3.14.3
2026-07-18 21:59:49 | INFO | M03 |   pandas:       3.0.3
2026-07-18 21:59:49 | INFO | M03 |   numpy:        2.5.1
2026-07-18 21:59:49 | INFO | M03 |   scikit-learn: 1.9.0
2026-07-18 21:59:49 | INFO | M03 |   seaborn:      0.13.2
2026-07-18 21:59:49 | INFO | M03 |   matplotlib:   3.11.0
2026-07-18 21:59:49 | INFO | M03 | Loading dataset: penguins
2026-07-18 21:59:49 | INFO | M03 | Loaded: 344 rows (instances), 7 columns
2026-07-18 21:59:49 | INFO | M03 | Original rows: 344
2026-07-18 21:59:49 | INFO | M03 | Model rows:    342
2026-07-18 21:59:49 | INFO | M03 | Classes in target 'species': ['Adelie', 'Chinstrap', 'Gentoo']
2026-07-18 21:59:49 | DEBUG | M03 | Class counts:
species
Adelie       151
Gentoo       123
Chinstrap     68
Name: count, dtype: int64
2026-07-18 21:59:49 | INFO | M03 | Train instances: 273
2026-07-18 21:59:49 | INFO | M03 | Test instances: 69
2026-07-18 21:59:49 | INFO | M03 | Fitting DecisionTreeClassifier(max_depth=3)
2026-07-18 21:59:49 | INFO | M03 | Test accuracy: 0.986
2026-07-18 21:59:49 | INFO | M03 | Test Precision: 0.986
2026-07-18 21:59:49 | INFO | M03 | Test Recall: 0.986
2026-07-18 21:59:49 | INFO | M03 | Test F1 Score: 0.985
2026-07-18 21:59:49 | INFO | M03 | Per-class precision / recall / F1:
2026-07-18 21:59:49 | DEBUG | M03 | 
              precision    recall  f1-score   support

      Adelie       0.97      1.00      0.98        30
   Chinstrap       1.00      0.93      0.96        14
      Gentoo       1.00      1.00      1.00        25

    accuracy                           0.99        69
   macro avg       0.99      0.98      0.98        69
weighted avg       0.99      0.99      0.99        69

2026-07-18 21:59:49 | INFO | M03 | Showing confusion matrix (rows = actual, cols = predicted)
2026-07-18 21:59:50 | DEBUG | M03 |   depth= 1  train=0.791  test=0.797
2026-07-18 21:59:50 | DEBUG | M03 |   depth= 2  train=0.960  test=0.986
2026-07-18 21:59:50 | DEBUG | M03 |   depth= 3  train=0.967  test=0.986
2026-07-18 21:59:50 | DEBUG | M03 |   depth= 4  train=0.989  test=1.000
2026-07-18 21:59:50 | DEBUG | M03 |   depth= 5  train=0.996  test=1.000
2026-07-18 21:59:50 | DEBUG | M03 |   depth= 6  train=0.996  test=1.000
2026-07-18 21:59:50 | DEBUG | M03 |   depth= 7  train=1.000  test=1.000
2026-07-18 21:59:50 | DEBUG | M03 |   depth= 8  train=1.000  test=1.000
2026-07-18 21:59:50 | DEBUG | M03 |   depth= 9  train=1.000  test=1.000
2026-07-18 21:59:50 | DEBUG | M03 |   depth=10  train=1.000  test=1.000
2026-07-18 21:59:50 | DEBUG | M03 |   depth=11  train=1.000  test=1.000
2026-07-18 21:59:50 | DEBUG | M03 |   depth=12  train=1.000  test=1.000
2026-07-18 21:59:50 | INFO | M03 | ========================
2026-07-18 21:59:50 | INFO | M03 | SUMMARY
2026-07-18 21:59:50 | INFO | M03 | ========================
2026-07-18 21:59:50 | INFO | M03 | Dataset:   penguins
2026-07-18 21:59:50 | INFO | M03 | Target:    species  (classification)
2026-07-18 21:59:50 | INFO | M03 | Features:  ['bill_length_mm', 'bill_depth_mm', 'flipper_length_mm', 'body_mass_g']
2026-07-18 21:59:50 | INFO | M03 | Model:     DecisionTreeClassifier(max_depth=3)
2026-07-18 21:59:50 | INFO | M03 | ========================
2026-07-18 22:01:21 | INFO | M03 | Train instances: 273
2026-07-18 22:01:21 | INFO | M03 | Test instances: 69
2026-07-18 22:01:21 | INFO | M03 | Fitting DecisionTreeClassifier(max_depth=3)
2026-07-18 22:01:21 | INFO | M03 | Test accuracy: 0.986
2026-07-18 22:01:21 | INFO | M03 | Test Precision: 0.986
2026-07-18 22:01:21 | INFO | M03 | Test Recall: 0.986
2026-07-18 22:01:21 | INFO | M03 | Test F1 Score: 0.985
2026-07-18 22:01:21 | INFO | M03 | Per-class precision / recall / F1:
2026-07-18 22:01:21 | DEBUG | M03 | 
              precision    recall  f1-score   support

      Adelie       0.97      1.00      0.98        30
   Chinstrap       1.00      0.93      0.96        14
      Gentoo       1.00      1.00      1.00        25

    accuracy                           0.99        69
   macro avg       0.99      0.98      0.98        69
weighted avg       0.99      0.99      0.99        69

2026-07-18 22:01:21 | INFO | M03 | Showing confusion matrix (rows = actual, cols = predicted)
2026-07-18 22:01:22 | DEBUG | M03 |   depth= 1  train=0.791  test=0.797
2026-07-18 22:01:22 | DEBUG | M03 |   depth= 2  train=0.960  test=0.986
2026-07-18 22:01:22 | DEBUG | M03 |   depth= 3  train=0.967  test=0.986
2026-07-18 22:01:22 | DEBUG | M03 |   depth= 4  train=0.989  test=1.000
2026-07-18 22:01:22 | DEBUG | M03 |   depth= 5  train=0.996  test=1.000
2026-07-18 22:01:22 | DEBUG | M03 |   depth= 6  train=0.996  test=1.000
2026-07-18 22:01:22 | DEBUG | M03 |   depth= 7  train=1.000  test=1.000
2026-07-18 22:01:22 | DEBUG | M03 |   depth= 8  train=1.000  test=1.000
2026-07-18 22:01:22 | DEBUG | M03 |   depth= 9  train=1.000  test=1.000
2026-07-18 22:01:22 | DEBUG | M03 |   depth=10  train=1.000  test=1.000
2026-07-18 22:01:22 | DEBUG | M03 |   depth=11  train=1.000  test=1.000
2026-07-18 22:01:22 | DEBUG | M03 |   depth=12  train=1.000  test=1.000
2026-07-18 22:01:22 | INFO | M03 | ========================
2026-07-18 22:01:22 | INFO | M03 | SUMMARY
2026-07-18 22:01:22 | INFO | M03 | ========================
2026-07-18 22:01:22 | INFO | M03 | Dataset:   penguins
2026-07-18 22:01:22 | INFO | M03 | Target:    species  (classification)
2026-07-18 22:01:22 | INFO | M03 | Features:  ['bill_length_mm', 'bill_depth_mm', 'flipper_length_mm', 'body_mass_g']
2026-07-18 22:01:22 | INFO | M03 | Model:     DecisionTreeClassifier(max_depth=3)
2026-07-18 22:01:22 | INFO | M03 | ========================
2026-07-18 22:01:44 | INFO | M03 | === RUN START ===
2026-07-18 22:01:44 | INFO | M03 | project=M03
2026-07-18 22:01:44 | INFO | M03 | repo_dir=ml-03-classification
2026-07-18 22:01:44 | INFO | M03 | python=3.14.3
2026-07-18 22:01:44 | INFO | M03 | os=Windows 11
2026-07-18 22:01:44 | INFO | M03 | shell=powershell
2026-07-18 22:01:44 | INFO | M03 | cwd=notebooks
2026-07-18 22:01:44 | INFO | M03 | github_actions=False
2026-07-18 22:01:44 | INFO | M03 | Confirming installation:
2026-07-18 22:01:44 | INFO | M03 |   python:       3.14.3
2026-07-18 22:01:44 | INFO | M03 |   pandas:       3.0.3
2026-07-18 22:01:44 | INFO | M03 |   numpy:        2.5.1
2026-07-18 22:01:44 | INFO | M03 |   scikit-learn: 1.9.0
2026-07-18 22:01:44 | INFO | M03 |   seaborn:      0.13.2
2026-07-18 22:01:44 | INFO | M03 |   matplotlib:   3.11.0
2026-07-18 22:01:44 | INFO | M03 | Loading dataset: penguins
2026-07-18 22:01:44 | INFO | M03 | Loaded: 344 rows (instances), 7 columns
2026-07-18 22:01:44 | INFO | M03 | Original rows: 344
2026-07-18 22:01:44 | INFO | M03 | Model rows:    342
2026-07-18 22:01:44 | INFO | M03 | Classes in target 'species': ['Adelie', 'Chinstrap', 'Gentoo']
2026-07-18 22:01:44 | DEBUG | M03 | Class counts:
species
Adelie       151
Gentoo       123
Chinstrap     68
Name: count, dtype: int64
2026-07-18 22:01:44 | INFO | M03 | Train instances: 273
2026-07-18 22:01:44 | INFO | M03 | Test instances: 69
2026-07-18 22:01:44 | INFO | M03 | Fitting DecisionTreeClassifier(max_depth=3)
2026-07-18 22:01:44 | INFO | M03 | Test accuracy: 0.986
2026-07-18 22:01:44 | INFO | M03 | Test Precision: 0.986
2026-07-18 22:01:44 | INFO | M03 | Test Recall: 0.986
2026-07-18 22:01:44 | INFO | M03 | Test F1 Score: 0.985
2026-07-18 22:01:44 | INFO | M03 | Per-class precision / recall / F1:
2026-07-18 22:01:44 | DEBUG | M03 | 
              precision    recall  f1-score   support

      Adelie       0.97      1.00      0.98        30
   Chinstrap       1.00      0.93      0.96        14
      Gentoo       1.00      1.00      1.00        25

    accuracy                           0.99        69
   macro avg       0.99      0.98      0.98        69
weighted avg       0.99      0.99      0.99        69

2026-07-18 22:01:44 | INFO | M03 | Showing confusion matrix (rows = actual, cols = predicted)
2026-07-18 22:01:45 | DEBUG | M03 |   depth= 1  train=0.791  test=0.797
2026-07-18 22:01:45 | DEBUG | M03 |   depth= 2  train=0.960  test=0.986
2026-07-18 22:01:45 | DEBUG | M03 |   depth= 3  train=0.967  test=0.986
2026-07-18 22:01:45 | DEBUG | M03 |   depth= 4  train=0.989  test=1.000
2026-07-18 22:01:45 | DEBUG | M03 |   depth= 5  train=0.996  test=1.000
2026-07-18 22:01:45 | DEBUG | M03 |   depth= 6  train=0.996  test=1.000
2026-07-18 22:01:45 | DEBUG | M03 |   depth= 7  train=1.000  test=1.000
2026-07-18 22:01:45 | DEBUG | M03 |   depth= 8  train=1.000  test=1.000
2026-07-18 22:01:45 | DEBUG | M03 |   depth= 9  train=1.000  test=1.000
2026-07-18 22:01:45 | DEBUG | M03 |   depth=10  train=1.000  test=1.000
2026-07-18 22:01:45 | DEBUG | M03 |   depth=11  train=1.000  test=1.000
2026-07-18 22:01:45 | DEBUG | M03 |   depth=12  train=1.000  test=1.000
2026-07-18 22:01:45 | INFO | M03 | ========================
2026-07-18 22:01:45 | INFO | M03 | SUMMARY
2026-07-18 22:01:45 | INFO | M03 | ========================
2026-07-18 22:01:45 | INFO | M03 | Dataset:   penguins
2026-07-18 22:01:45 | INFO | M03 | Target:    species  (classification)
2026-07-18 22:01:45 | INFO | M03 | Features:  ['bill_length_mm', 'bill_depth_mm', 'flipper_length_mm', 'body_mass_g']
2026-07-18 22:01:45 | INFO | M03 | Model:     DecisionTreeClassifier(max_depth=3)
2026-07-18 22:01:45 | INFO | M03 | ========================
2026-07-18 22:01:47 | INFO | M03 | === RUN START ===
2026-07-18 22:01:47 | INFO | M03 | project=M03
2026-07-18 22:01:47 | INFO | M03 | repo_dir=ml-03-classification
2026-07-18 22:01:47 | INFO | M03 | python=3.14.3
2026-07-18 22:01:47 | INFO | M03 | os=Windows 11
2026-07-18 22:01:47 | INFO | M03 | shell=powershell
2026-07-18 22:01:47 | INFO | M03 | cwd=notebooks
2026-07-18 22:01:47 | INFO | M03 | github_actions=False
2026-07-18 22:01:47 | INFO | M03 | Confirming installation:
2026-07-18 22:01:47 | INFO | M03 |   python:       3.14.3
2026-07-18 22:01:47 | INFO | M03 |   pandas:       3.0.3
2026-07-18 22:01:47 | INFO | M03 |   numpy:        2.5.1
2026-07-18 22:01:47 | INFO | M03 |   scikit-learn: 1.9.0
2026-07-18 22:01:47 | INFO | M03 |   seaborn:      0.13.2
2026-07-18 22:01:47 | INFO | M03 |   matplotlib:   3.11.0
2026-07-18 22:01:47 | INFO | M03 | Loading dataset: penguins
2026-07-18 22:01:47 | INFO | M03 | Loaded: 344 rows (instances), 7 columns
2026-07-18 22:01:47 | INFO | M03 | Original rows: 344
2026-07-18 22:01:47 | INFO | M03 | Model rows:    342
2026-07-18 22:01:47 | INFO | M03 | Classes in target 'species': ['Adelie', 'Chinstrap', 'Gentoo']
2026-07-18 22:01:47 | DEBUG | M03 | Class counts:
species
Adelie       151
Gentoo       123
Chinstrap     68
Name: count, dtype: int64
2026-07-18 22:01:47 | INFO | M03 | Train instances: 273
2026-07-18 22:01:47 | INFO | M03 | Test instances: 69
2026-07-18 22:01:47 | INFO | M03 | Fitting DecisionTreeClassifier(max_depth=3)
2026-07-18 22:01:47 | INFO | M03 | Test accuracy: 0.986
2026-07-18 22:01:47 | INFO | M03 | Test Precision: 0.986
2026-07-18 22:01:47 | INFO | M03 | Test Recall: 0.986
2026-07-18 22:01:47 | INFO | M03 | Test F1 Score: 0.985
2026-07-18 22:01:47 | INFO | M03 | Per-class precision / recall / F1:
2026-07-18 22:01:48 | DEBUG | M03 | 
              precision    recall  f1-score   support

      Adelie       0.97      1.00      0.98        30
   Chinstrap       1.00      0.93      0.96        14
      Gentoo       1.00      1.00      1.00        25

    accuracy                           0.99        69
   macro avg       0.99      0.98      0.98        69
weighted avg       0.99      0.99      0.99        69

2026-07-18 22:01:48 | INFO | M03 | Showing confusion matrix (rows = actual, cols = predicted)
2026-07-18 22:01:48 | DEBUG | M03 |   depth= 1  train=0.791  test=0.797
2026-07-18 22:01:48 | DEBUG | M03 |   depth= 2  train=0.960  test=0.986
2026-07-18 22:01:48 | DEBUG | M03 |   depth= 3  train=0.967  test=0.986
2026-07-18 22:01:48 | DEBUG | M03 |   depth= 4  train=0.989  test=1.000
2026-07-18 22:01:48 | DEBUG | M03 |   depth= 5  train=0.996  test=1.000
2026-07-18 22:01:48 | DEBUG | M03 |   depth= 6  train=0.996  test=1.000
2026-07-18 22:01:48 | DEBUG | M03 |   depth= 7  train=1.000  test=1.000
2026-07-18 22:01:48 | DEBUG | M03 |   depth= 8  train=1.000  test=1.000
2026-07-18 22:01:48 | DEBUG | M03 |   depth= 9  train=1.000  test=1.000
2026-07-18 22:01:48 | DEBUG | M03 |   depth=10  train=1.000  test=1.000
2026-07-18 22:01:48 | DEBUG | M03 |   depth=11  train=1.000  test=1.000
2026-07-18 22:01:48 | DEBUG | M03 |   depth=12  train=1.000  test=1.000
2026-07-18 22:01:48 | INFO | M03 | ========================
2026-07-18 22:01:48 | INFO | M03 | SUMMARY
2026-07-18 22:01:48 | INFO | M03 | ========================
2026-07-18 22:01:48 | INFO | M03 | Dataset:   penguins
2026-07-18 22:01:48 | INFO | M03 | Target:    species  (classification)
2026-07-18 22:01:48 | INFO | M03 | Features:  ['bill_length_mm', 'bill_depth_mm', 'flipper_length_mm', 'body_mass_g']
2026-07-18 22:01:48 | INFO | M03 | Model:     DecisionTreeClassifier(max_depth=3)
2026-07-18 22:01:48 | INFO | M03 | ========================
2026-07-18 22:03:42 | INFO | M03 | === RUN START ===
2026-07-18 22:03:42 | INFO | M03 | project=M03
2026-07-18 22:03:42 | INFO | M03 | repo_dir=ml-03-classification
2026-07-18 22:03:42 | INFO | M03 | python=3.14.3
2026-07-18 22:03:42 | INFO | M03 | os=Windows 11
2026-07-18 22:03:42 | INFO | M03 | shell=powershell
2026-07-18 22:03:42 | INFO | M03 | cwd=notebooks
2026-07-18 22:03:42 | INFO | M03 | github_actions=False
2026-07-18 22:03:42 | INFO | M03 | Confirming installation:
2026-07-18 22:03:42 | INFO | M03 |   python:       3.14.3
2026-07-18 22:03:42 | INFO | M03 |   pandas:       3.0.3
2026-07-18 22:03:42 | INFO | M03 |   numpy:        2.5.1
2026-07-18 22:03:42 | INFO | M03 |   scikit-learn: 1.9.0
2026-07-18 22:03:42 | INFO | M03 |   seaborn:      0.13.2
2026-07-18 22:03:42 | INFO | M03 |   matplotlib:   3.11.0
2026-07-18 22:03:42 | INFO | M03 | Loading dataset: penguins
2026-07-18 22:03:42 | INFO | M03 | Loaded: 344 rows (instances), 7 columns
2026-07-18 22:03:42 | INFO | M03 | Original rows: 344
2026-07-18 22:03:42 | INFO | M03 | Model rows:    342
2026-07-18 22:03:42 | INFO | M03 | Classes in target 'species': ['Adelie', 'Chinstrap', 'Gentoo']
2026-07-18 22:03:42 | DEBUG | M03 | Class counts:
species
Adelie       151
Gentoo       123
Chinstrap     68
Name: count, dtype: int64
2026-07-18 22:03:42 | INFO | M03 | Train instances: 273
2026-07-18 22:03:42 | INFO | M03 | Test instances: 69
2026-07-18 22:03:42 | INFO | M03 | Fitting DecisionTreeClassifier(max_depth=3)
2026-07-18 22:03:42 | INFO | M03 | Test accuracy: 0.986
2026-07-18 22:03:42 | INFO | M03 | Per-class precision / recall / F1:
2026-07-18 22:03:42 | DEBUG | M03 | 
              precision    recall  f1-score   support

      Adelie       0.97      1.00      0.98        30
   Chinstrap       1.00      0.93      0.96        14
      Gentoo       1.00      1.00      1.00        25

    accuracy                           0.99        69
   macro avg       0.99      0.98      0.98        69
weighted avg       0.99      0.99      0.99        69

2026-07-18 22:03:42 | INFO | M03 | Showing confusion matrix (rows = actual, cols = predicted)
2026-07-18 22:03:42 | DEBUG | M03 |   depth= 1  train=0.791  test=0.797
2026-07-18 22:03:42 | DEBUG | M03 |   depth= 2  train=0.960  test=0.986
2026-07-18 22:03:42 | DEBUG | M03 |   depth= 3  train=0.967  test=0.986
2026-07-18 22:03:42 | DEBUG | M03 |   depth= 4  train=0.989  test=1.000
2026-07-18 22:03:42 | DEBUG | M03 |   depth= 5  train=0.996  test=1.000
2026-07-18 22:03:42 | DEBUG | M03 |   depth= 6  train=0.996  test=1.000
2026-07-18 22:03:42 | DEBUG | M03 |   depth= 7  train=1.000  test=1.000
2026-07-18 22:03:42 | DEBUG | M03 |   depth= 8  train=1.000  test=1.000
2026-07-18 22:03:42 | DEBUG | M03 |   depth= 9  train=1.000  test=1.000
2026-07-18 22:03:42 | DEBUG | M03 |   depth=10  train=1.000  test=1.000
2026-07-18 22:03:42 | DEBUG | M03 |   depth=11  train=1.000  test=1.000
2026-07-18 22:03:42 | DEBUG | M03 |   depth=12  train=1.000  test=1.000
2026-07-18 22:03:42 | INFO | M03 | ========================
2026-07-18 22:03:42 | INFO | M03 | SUMMARY
2026-07-18 22:03:42 | INFO | M03 | ========================
2026-07-18 22:03:42 | INFO | M03 | Dataset:   penguins
2026-07-18 22:03:42 | INFO | M03 | Target:    species  (classification)
2026-07-18 22:03:42 | INFO | M03 | Features:  ['bill_length_mm', 'bill_depth_mm', 'flipper_length_mm', 'body_mass_g']
2026-07-18 22:03:42 | INFO | M03 | Model:     DecisionTreeClassifier(max_depth=3)
2026-07-18 22:03:42 | INFO | M03 | ========================
2026-07-18 22:08:11 | INFO | M03 | === RUN START ===
2026-07-18 22:08:11 | INFO | M03 | project=M03
2026-07-18 22:08:11 | INFO | M03 | repo_dir=ml-03-classification
2026-07-18 22:08:11 | INFO | M03 | python=3.14.3
2026-07-18 22:08:11 | INFO | M03 | os=Windows 11
2026-07-18 22:08:11 | INFO | M03 | shell=powershell
2026-07-18 22:08:11 | INFO | M03 | cwd=notebooks
2026-07-18 22:08:11 | INFO | M03 | github_actions=False
2026-07-18 22:08:11 | INFO | M03 | Confirming installation:
2026-07-18 22:08:11 | INFO | M03 |   python:       3.14.3
2026-07-18 22:08:11 | INFO | M03 |   pandas:       3.0.3
2026-07-18 22:08:11 | INFO | M03 |   numpy:        2.5.1
2026-07-18 22:08:11 | INFO | M03 |   scikit-learn: 1.9.0
2026-07-18 22:08:11 | INFO | M03 |   seaborn:      0.13.2
2026-07-18 22:08:11 | INFO | M03 |   matplotlib:   3.11.0
2026-07-18 22:08:11 | INFO | M03 | Loading dataset: penguins
2026-07-18 22:08:11 | INFO | M03 | Loaded: 344 rows (instances), 7 columns
2026-07-18 22:08:11 | INFO | M03 | Original rows: 344
2026-07-18 22:08:11 | INFO | M03 | Model rows:    342
2026-07-18 22:08:11 | INFO | M03 | Classes in target 'species': ['Adelie', 'Chinstrap', 'Gentoo']
2026-07-18 22:08:11 | DEBUG | M03 | Class counts:
species
Adelie       151
Gentoo       123
Chinstrap     68
Name: count, dtype: int64
2026-07-18 22:08:11 | INFO | M03 | Train instances: 273
2026-07-18 22:08:11 | INFO | M03 | Test instances: 69
2026-07-18 22:08:11 | INFO | M03 | Fitting DecisionTreeClassifier(max_depth=3)
2026-07-18 22:08:11 | INFO | M03 | Test accuracy: 0.986
2026-07-18 22:08:11 | INFO | M03 | Per-class precision / recall / F1:
2026-07-18 22:08:11 | DEBUG | M03 | 
              precision    recall  f1-score   support

      Adelie       0.97      1.00      0.98        30
   Chinstrap       1.00      0.93      0.96        14
      Gentoo       1.00      1.00      1.00        25

    accuracy                           0.99        69
   macro avg       0.99      0.98      0.98        69
weighted avg       0.99      0.99      0.99        69

2026-07-18 22:08:11 | INFO | M03 | Showing confusion matrix (rows = actual, cols = predicted)
2026-07-18 22:08:12 | DEBUG | M03 |   depth= 1  train=0.791  test=0.797
2026-07-18 22:08:12 | DEBUG | M03 |   depth= 2  train=0.960  test=0.986
2026-07-18 22:08:12 | DEBUG | M03 |   depth= 3  train=0.967  test=0.986
2026-07-18 22:08:12 | DEBUG | M03 |   depth= 4  train=0.989  test=1.000
2026-07-18 22:08:12 | DEBUG | M03 |   depth= 5  train=0.996  test=1.000
2026-07-18 22:08:12 | DEBUG | M03 |   depth= 6  train=0.996  test=1.000
2026-07-18 22:08:12 | DEBUG | M03 |   depth= 7  train=1.000  test=1.000
2026-07-18 22:08:12 | DEBUG | M03 |   depth= 8  train=1.000  test=1.000
2026-07-18 22:08:12 | DEBUG | M03 |   depth= 9  train=1.000  test=1.000
2026-07-18 22:08:12 | DEBUG | M03 |   depth=10  train=1.000  test=1.000
2026-07-18 22:08:12 | DEBUG | M03 |   depth=11  train=1.000  test=1.000
2026-07-18 22:08:12 | DEBUG | M03 |   depth=12  train=1.000  test=1.000
2026-07-18 22:08:12 | INFO | M03 | ========================
2026-07-18 22:08:12 | INFO | M03 | SUMMARY
2026-07-18 22:08:12 | INFO | M03 | ========================
2026-07-18 22:08:12 | INFO | M03 | Dataset:   penguins
2026-07-18 22:08:12 | INFO | M03 | Target:    species  (classification)
2026-07-18 22:08:12 | INFO | M03 | Features:  ['bill_length_mm', 'bill_depth_mm', 'flipper_length_mm', 'body_mass_g']
2026-07-18 22:08:12 | INFO | M03 | Model:     DecisionTreeClassifier(max_depth=3)
2026-07-18 22:08:12 | INFO | M03 | ========================
2026-07-18 22:21:01 | INFO | M03 | === RUN START ===
2026-07-18 22:21:01 | INFO | M03 | project=M03
2026-07-18 22:21:01 | INFO | M03 | repo_dir=ml-03-classification
2026-07-18 22:21:01 | INFO | M03 | python=3.14.3
2026-07-18 22:21:01 | INFO | M03 | os=Windows 11
2026-07-18 22:21:01 | INFO | M03 | shell=powershell
2026-07-18 22:21:01 | INFO | M03 | cwd=notebooks
2026-07-18 22:21:01 | INFO | M03 | github_actions=False
2026-07-18 22:21:01 | INFO | M03 | Confirming installation:
2026-07-18 22:21:01 | INFO | M03 |   python:       3.14.3
2026-07-18 22:21:01 | INFO | M03 |   pandas:       3.0.3
2026-07-18 22:21:01 | INFO | M03 |   numpy:        2.5.1
2026-07-18 22:21:01 | INFO | M03 |   scikit-learn: 1.9.0
2026-07-18 22:21:01 | INFO | M03 |   seaborn:      0.13.2
2026-07-18 22:21:01 | INFO | M03 |   matplotlib:   3.11.0
2026-07-18 22:21:01 | INFO | M03 | Loading dataset: penguins
2026-07-18 22:21:01 | INFO | M03 | Loaded: 344 rows (instances), 7 columns
2026-07-18 22:21:01 | INFO | M03 | Original rows: 344
2026-07-18 22:21:01 | INFO | M03 | Model rows:    342
2026-07-18 22:21:01 | INFO | M03 | Classes in target 'species': ['Adelie', 'Chinstrap', 'Gentoo']
2026-07-18 22:21:01 | DEBUG | M03 | Class counts:
species
Adelie       151
Gentoo       123
Chinstrap     68
Name: count, dtype: int64
2026-07-18 22:21:01 | INFO | M03 | Train instances: 273
2026-07-18 22:21:01 | INFO | M03 | Test instances: 69
2026-07-18 22:21:01 | INFO | M03 | Fitting DecisionTreeClassifier(max_depth=3)
2026-07-18 22:21:01 | INFO | M03 | Test accuracy: 0.986
2026-07-18 22:21:01 | INFO | M03 | Test F1 Score: 0.985
2026-07-18 22:21:01 | INFO | M03 | Test Precision: 0.986
2026-07-18 22:21:01 | INFO | M03 | Test Recall: 0.986
2026-07-18 22:21:01 | INFO | M03 | Per-class precision / recall / F1:
2026-07-18 22:21:01 | DEBUG | M03 | 
              precision    recall  f1-score   support

      Adelie       0.97      1.00      0.98        30
   Chinstrap       1.00      0.93      0.96        14
      Gentoo       1.00      1.00      1.00        25

    accuracy                           0.99        69
   macro avg       0.99      0.98      0.98        69
weighted avg       0.99      0.99      0.99        69

2026-07-18 22:21:01 | INFO | M03 | Showing confusion matrix (rows = actual, cols = predicted)
2026-07-18 22:21:01 | DEBUG | M03 |   depth= 1  train=0.791  test=0.797
2026-07-18 22:21:01 | DEBUG | M03 |   depth= 2  train=0.960  test=0.986
2026-07-18 22:21:01 | DEBUG | M03 |   depth= 3  train=0.967  test=0.986
2026-07-18 22:21:02 | DEBUG | M03 |   depth= 4  train=0.989  test=1.000
2026-07-18 22:21:02 | DEBUG | M03 |   depth= 5  train=0.996  test=1.000
2026-07-18 22:21:02 | DEBUG | M03 |   depth= 6  train=0.996  test=1.000
2026-07-18 22:21:02 | DEBUG | M03 |   depth= 7  train=1.000  test=1.000
2026-07-18 22:21:02 | DEBUG | M03 |   depth= 8  train=1.000  test=1.000
2026-07-18 22:21:02 | DEBUG | M03 |   depth= 9  train=1.000  test=1.000
2026-07-18 22:21:02 | DEBUG | M03 |   depth=10  train=1.000  test=1.000
2026-07-18 22:21:02 | DEBUG | M03 |   depth=11  train=1.000  test=1.000
2026-07-18 22:21:02 | DEBUG | M03 |   depth=12  train=1.000  test=1.000
2026-07-18 22:21:02 | INFO | M03 | ========================
2026-07-18 22:21:02 | INFO | M03 | SUMMARY
2026-07-18 22:21:02 | INFO | M03 | ========================
2026-07-18 22:21:02 | INFO | M03 | Dataset:   penguins
2026-07-18 22:21:02 | INFO | M03 | Target:    species  (classification)
2026-07-18 22:21:02 | INFO | M03 | Features:  ['bill_length_mm', 'bill_depth_mm', 'flipper_length_mm', 'body_mass_g']
2026-07-18 22:21:02 | INFO | M03 | Model:     DecisionTreeClassifier(max_depth=3)
2026-07-18 22:21:02 | INFO | M03 | ========================
2026-07-18 22:32:43 | INFO | M03 | === RUN START ===
2026-07-18 22:32:43 | INFO | M03 | project=M03
2026-07-18 22:32:43 | INFO | M03 | repo_dir=ml-03-classification
2026-07-18 22:32:43 | INFO | M03 | python=3.14.3
2026-07-18 22:32:43 | INFO | M03 | os=Windows 11
2026-07-18 22:32:43 | INFO | M03 | shell=powershell
2026-07-18 22:32:43 | INFO | M03 | cwd=notebooks
2026-07-18 22:32:43 | INFO | M03 | github_actions=False
2026-07-18 22:32:43 | INFO | M03 | Confirming installation:
2026-07-18 22:32:43 | INFO | M03 |   python:       3.14.3
2026-07-18 22:32:43 | INFO | M03 |   pandas:       3.0.3
2026-07-18 22:32:43 | INFO | M03 |   numpy:        2.5.1
2026-07-18 22:32:43 | INFO | M03 |   scikit-learn: 1.9.0
2026-07-18 22:32:43 | INFO | M03 |   seaborn:      0.13.2
2026-07-18 22:32:43 | INFO | M03 |   matplotlib:   3.11.0
2026-07-18 22:32:43 | INFO | M03 | Loading dataset: iris
2026-07-18 22:32:44 | INFO | M03 | Loaded: 150 rows (instances), 5 columns
2026-07-18 22:32:44 | INFO | M03 | Original rows: 150
2026-07-18 22:32:44 | INFO | M03 | Model rows:    150
2026-07-18 22:32:44 | INFO | M03 | Classes in target 'species': ['setosa', 'versicolor', 'virginica']
2026-07-18 22:32:44 | DEBUG | M03 | Class counts:
species
setosa        50
versicolor    50
virginica     50
Name: count, dtype: int64
2026-07-18 22:32:44 | INFO | M03 | Train instances: 120
2026-07-18 22:32:44 | INFO | M03 | Test instances: 30
2026-07-18 22:32:44 | INFO | M03 | Fitting DecisionTreeClassifier(max_depth=3)
2026-07-18 22:32:44 | INFO | M03 | Test accuracy: 0.967
2026-07-18 22:32:44 | INFO | M03 | Per-class precision / recall / F1:
2026-07-18 22:32:44 | DEBUG | M03 | 
              precision    recall  f1-score   support

      setosa       1.00      1.00      1.00        10
  versicolor       1.00      0.90      0.95        10
   virginica       0.91      1.00      0.95        10

    accuracy                           0.97        30
   macro avg       0.97      0.97      0.97        30
weighted avg       0.97      0.97      0.97        30

2026-07-18 22:32:44 | INFO | M03 | Showing confusion matrix (rows = actual, cols = predicted)
2026-07-18 22:32:44 | DEBUG | M03 |   depth= 1  train=0.667  test=0.667
2026-07-18 22:32:44 | DEBUG | M03 |   depth= 2  train=0.967  test=0.933
2026-07-18 22:32:44 | DEBUG | M03 |   depth= 3  train=0.983  test=0.967
2026-07-18 22:32:44 | DEBUG | M03 |   depth= 4  train=0.992  test=0.933
2026-07-18 22:32:44 | DEBUG | M03 |   depth= 5  train=1.000  test=0.933
2026-07-18 22:32:44 | DEBUG | M03 |   depth= 6  train=1.000  test=0.933
2026-07-18 22:32:44 | DEBUG | M03 |   depth= 7  train=1.000  test=0.933
2026-07-18 22:32:44 | DEBUG | M03 |   depth= 8  train=1.000  test=0.933
2026-07-18 22:32:44 | DEBUG | M03 |   depth= 9  train=1.000  test=0.933
2026-07-18 22:32:44 | DEBUG | M03 |   depth=10  train=1.000  test=0.933
2026-07-18 22:32:44 | DEBUG | M03 |   depth=11  train=1.000  test=0.933
2026-07-18 22:32:44 | DEBUG | M03 |   depth=12  train=1.000  test=0.933
2026-07-18 22:32:44 | INFO | M03 | ========================
2026-07-18 22:32:44 | INFO | M03 | SUMMARY
2026-07-18 22:32:44 | INFO | M03 | ========================
2026-07-18 22:32:44 | INFO | M03 | Dataset:   iris
2026-07-18 22:32:44 | INFO | M03 | Target:    species  (classification)
2026-07-18 22:32:44 | INFO | M03 | Features:  ['sepal_length', 'sepal_width', 'petal_length', 'petal_width']
2026-07-18 22:32:44 | INFO | M03 | Model:     DecisionTreeClassifier(max_depth=3)
2026-07-18 22:32:44 | INFO | M03 | ========================
2026-07-19 16:47:05 | INFO | M03 | === RUN START ===
2026-07-19 16:47:05 | INFO | M03 | project=M03
2026-07-19 16:47:05 | INFO | M03 | repo_dir=ml-03-classification
2026-07-19 16:47:05 | INFO | M03 | python=3.14.3
2026-07-19 16:47:05 | INFO | M03 | os=Windows 11
2026-07-19 16:47:05 | INFO | M03 | shell=powershell
2026-07-19 16:47:05 | INFO | M03 | cwd=notebooks
2026-07-19 16:47:05 | INFO | M03 | github_actions=False
2026-07-19 16:47:05 | INFO | M03 | Confirming installation:
2026-07-19 16:47:05 | INFO | M03 |   python:       3.14.3
2026-07-19 16:47:05 | INFO | M03 |   pandas:       3.0.3
2026-07-19 16:47:05 | INFO | M03 |   numpy:        2.5.1
2026-07-19 16:47:05 | INFO | M03 |   scikit-learn: 1.9.0
2026-07-19 16:47:05 | INFO | M03 |   seaborn:      0.13.2
2026-07-19 16:47:05 | INFO | M03 |   matplotlib:   3.11.0
2026-07-19 16:47:05 | INFO | M03 | Loading dataset: iris
2026-07-19 16:47:05 | INFO | M03 | Loaded: 150 rows (instances), 5 columns
2026-07-19 16:47:05 | INFO | M03 | Original rows: 150
2026-07-19 16:47:05 | INFO | M03 | Model rows:    150
2026-07-19 16:47:05 | INFO | M03 | Classes in target 'species': ['setosa', 'versicolor', 'virginica']
2026-07-19 16:47:05 | DEBUG | M03 | Class counts:
species
setosa        50
versicolor    50
virginica     50
Name: count, dtype: int64
2026-07-19 16:47:06 | INFO | M03 | Train instances: 120
2026-07-19 16:47:06 | INFO | M03 | Test instances: 30
2026-07-19 16:47:06 | INFO | M03 | Fitting DecisionTreeClassifier(max_depth=3)
2026-07-19 16:47:06 | INFO | M03 | Test accuracy: 0.967
2026-07-19 16:47:06 | INFO | M03 | Test F1 Score: 0.967
2026-07-19 16:47:06 | INFO | M03 | Test Precision: 0.970
2026-07-19 16:47:06 | INFO | M03 | Test Recall: 0.967
2026-07-19 16:47:06 | INFO | M03 | Per-class precision / recall / F1:
2026-07-19 16:47:06 | DEBUG | M03 | 
              precision    recall  f1-score   support

      setosa       1.00      1.00      1.00        10
  versicolor       1.00      0.90      0.95        10
   virginica       0.91      1.00      0.95        10

    accuracy                           0.97        30
   macro avg       0.97      0.97      0.97        30
weighted avg       0.97      0.97      0.97        30

2026-07-19 16:47:06 | INFO | M03 | Showing confusion matrix (rows = actual, cols = predicted)
2026-07-19 16:47:06 | DEBUG | M03 |   depth= 1  train=0.667  test=0.667
2026-07-19 16:47:06 | DEBUG | M03 |   depth= 2  train=0.967  test=0.933
2026-07-19 16:47:06 | DEBUG | M03 |   depth= 3  train=0.983  test=0.967
2026-07-19 16:47:06 | DEBUG | M03 |   depth= 4  train=0.992  test=0.933
2026-07-19 16:47:06 | DEBUG | M03 |   depth= 5  train=1.000  test=0.933
2026-07-19 16:47:06 | DEBUG | M03 |   depth= 6  train=1.000  test=0.933
2026-07-19 16:47:06 | DEBUG | M03 |   depth= 7  train=1.000  test=0.933
2026-07-19 16:47:06 | DEBUG | M03 |   depth= 8  train=1.000  test=0.933
2026-07-19 16:47:06 | DEBUG | M03 |   depth= 9  train=1.000  test=0.933
2026-07-19 16:47:06 | DEBUG | M03 |   depth=10  train=1.000  test=0.933
2026-07-19 16:47:06 | DEBUG | M03 |   depth=11  train=1.000  test=0.933
2026-07-19 16:47:06 | DEBUG | M03 |   depth=12  train=1.000  test=0.933
2026-07-19 16:47:06 | INFO | M03 | ========================
2026-07-19 16:47:06 | INFO | M03 | SUMMARY
2026-07-19 16:47:06 | INFO | M03 | ========================
2026-07-19 16:47:06 | INFO | M03 | Dataset:   iris
2026-07-19 16:47:06 | INFO | M03 | Target:    species  (classification)
2026-07-19 16:47:06 | INFO | M03 | Features:  ['sepal_length', 'sepal_width', 'petal_length', 'petal_width']
2026-07-19 16:47:06 | INFO | M03 | Model:     DecisionTreeClassifier(max_depth=3)
2026-07-19 16:47:06 | INFO | M03 | ========================
2026-07-19 17:16:46 | INFO | M03 | === RUN START ===
2026-07-19 17:16:46 | INFO | M03 | project=M03
2026-07-19 17:16:46 | INFO | M03 | repo_dir=ml-03-classification
2026-07-19 17:16:46 | INFO | M03 | python=3.14.3
2026-07-19 17:16:46 | INFO | M03 | os=Windows 11
2026-07-19 17:16:46 | INFO | M03 | shell=powershell
2026-07-19 17:16:46 | INFO | M03 | cwd=notebooks
2026-07-19 17:16:46 | INFO | M03 | github_actions=False
2026-07-19 17:16:46 | INFO | M03 | Confirming installation:
2026-07-19 17:16:46 | INFO | M03 |   python:       3.14.3
2026-07-19 17:16:46 | INFO | M03 |   pandas:       3.0.3
2026-07-19 17:16:46 | INFO | M03 |   numpy:        2.5.1
2026-07-19 17:16:46 | INFO | M03 |   scikit-learn: 1.9.0
2026-07-19 17:16:46 | INFO | M03 |   seaborn:      0.13.2
2026-07-19 17:16:47 | INFO | M03 |   matplotlib:   3.11.0
2026-07-19 17:16:47 | INFO | M03 | Loading dataset: iris
2026-07-19 17:16:47 | INFO | M03 | Loaded: 150 rows (instances), 5 columns
2026-07-19 17:16:47 | INFO | M03 | Original rows: 150
2026-07-19 17:16:47 | INFO | M03 | Model rows:    150
2026-07-19 17:16:47 | INFO | M03 | Classes in target 'species': ['setosa', 'versicolor', 'virginica']
2026-07-19 17:16:47 | DEBUG | M03 | Class counts:
species
setosa        50
versicolor    50
virginica     50
Name: count, dtype: int64
2026-07-19 17:16:47 | INFO | M03 | Train instances: 120
2026-07-19 17:16:47 | INFO | M03 | Test instances: 30
2026-07-19 17:16:47 | INFO | M03 | Fitting DecisionTreeClassifier(max_depth=3)
2026-07-19 17:16:47 | INFO | M03 | Test accuracy: 0.967
2026-07-19 17:16:47 | INFO | M03 | Test F1 Score: 0.967
2026-07-19 17:16:47 | INFO | M03 | Test Precision: 0.970
2026-07-19 17:16:47 | INFO | M03 | Test Recall: 0.967
2026-07-19 17:16:47 | INFO | M03 | Per-class precision / recall / F1:
2026-07-19 17:16:47 | DEBUG | M03 | 
              precision    recall  f1-score   support

      setosa       1.00      1.00      1.00        10
  versicolor       1.00      0.90      0.95        10
   virginica       0.91      1.00      0.95        10

    accuracy                           0.97        30
   macro avg       0.97      0.97      0.97        30
weighted avg       0.97      0.97      0.97        30

2026-07-19 17:16:47 | INFO | M03 | Showing confusion matrix (rows = actual, cols = predicted)
2026-07-19 17:16:47 | DEBUG | M03 |   depth= 1  train=0.667  test=0.667
2026-07-19 17:16:47 | DEBUG | M03 |   depth= 2  train=0.967  test=0.933
2026-07-19 17:16:47 | DEBUG | M03 |   depth= 3  train=0.983  test=0.967
2026-07-19 17:16:47 | DEBUG | M03 |   depth= 4  train=0.992  test=0.933
2026-07-19 17:16:47 | DEBUG | M03 |   depth= 5  train=1.000  test=0.933
2026-07-19 17:16:47 | DEBUG | M03 |   depth= 6  train=1.000  test=0.933
2026-07-19 17:16:47 | DEBUG | M03 |   depth= 7  train=1.000  test=0.933
2026-07-19 17:16:47 | DEBUG | M03 |   depth= 8  train=1.000  test=0.933
2026-07-19 17:16:47 | DEBUG | M03 |   depth= 9  train=1.000  test=0.933
2026-07-19 17:16:47 | DEBUG | M03 |   depth=10  train=1.000  test=0.933
2026-07-19 17:16:47 | DEBUG | M03 |   depth=11  train=1.000  test=0.933
2026-07-19 17:16:47 | DEBUG | M03 |   depth=12  train=1.000  test=0.933
2026-07-19 17:27:32 | INFO | M03 | === RUN START ===
2026-07-19 17:27:32 | INFO | M03 | project=M03
2026-07-19 17:27:32 | INFO | M03 | repo_dir=ml-03-classification
2026-07-19 17:27:32 | INFO | M03 | python=3.14.3
2026-07-19 17:27:32 | INFO | M03 | os=Windows 11
2026-07-19 17:27:32 | INFO | M03 | shell=powershell
2026-07-19 17:27:32 | INFO | M03 | cwd=notebooks
2026-07-19 17:27:32 | INFO | M03 | github_actions=False
2026-07-19 17:27:32 | INFO | M03 | Confirming installation:
2026-07-19 17:27:32 | INFO | M03 |   python:       3.14.3
2026-07-19 17:27:32 | INFO | M03 |   pandas:       3.0.3
2026-07-19 17:27:32 | INFO | M03 |   numpy:        2.5.1
2026-07-19 17:27:32 | INFO | M03 |   scikit-learn: 1.9.0
2026-07-19 17:27:32 | INFO | M03 |   seaborn:      0.13.2
2026-07-19 17:27:32 | INFO | M03 |   matplotlib:   3.11.0
2026-07-19 17:27:32 | INFO | M03 | Loading dataset: iris
2026-07-19 17:27:32 | INFO | M03 | Loaded: 150 rows (instances), 5 columns
2026-07-19 17:27:32 | INFO | M03 | Original rows: 150
2026-07-19 17:27:32 | INFO | M03 | Model rows:    150
2026-07-19 17:27:32 | INFO | M03 | Classes in target 'species': ['setosa', 'versicolor', 'virginica']
2026-07-19 17:27:32 | DEBUG | M03 | Class counts:
species
setosa        50
versicolor    50
virginica     50
Name: count, dtype: int64
2026-07-19 17:27:32 | INFO | M03 | Train instances: 120
2026-07-19 17:27:32 | INFO | M03 | Test instances: 30
2026-07-19 17:27:32 | INFO | M03 | Fitting DecisionTreeClassifier(max_depth=3)
2026-07-19 17:27:32 | INFO | M03 | Test accuracy: 0.967
2026-07-19 17:27:32 | INFO | M03 | Test F1 Score: 0.967
2026-07-19 17:27:32 | INFO | M03 | Test Precision: 0.970
2026-07-19 17:27:32 | INFO | M03 | Test Recall: 0.967
2026-07-19 17:27:32 | INFO | M03 | Per-class precision / recall / F1:
2026-07-19 17:27:32 | DEBUG | M03 | 
              precision    recall  f1-score   support

      setosa       1.00      1.00      1.00        10
  versicolor       1.00      0.90      0.95        10
   virginica       0.91      1.00      0.95        10

    accuracy                           0.97        30
   macro avg       0.97      0.97      0.97        30
weighted avg       0.97      0.97      0.97        30

2026-07-19 17:27:32 | INFO | M03 | Showing confusion matrix (rows = actual, cols = predicted)
2026-07-19 17:27:33 | DEBUG | M03 |   depth= 1  train=0.667  test=0.667
2026-07-19 17:27:33 | DEBUG | M03 |   depth= 2  train=0.967  test=0.933
2026-07-19 17:27:33 | DEBUG | M03 |   depth= 3  train=0.983  test=0.967
2026-07-19 17:27:33 | DEBUG | M03 |   depth= 4  train=0.992  test=0.933
2026-07-19 17:27:33 | DEBUG | M03 |   depth= 5  train=1.000  test=0.933
2026-07-19 17:27:33 | DEBUG | M03 |   depth= 6  train=1.000  test=0.933
2026-07-19 17:27:33 | DEBUG | M03 |   depth= 7  train=1.000  test=0.933
2026-07-19 17:27:33 | DEBUG | M03 |   depth= 8  train=1.000  test=0.933
2026-07-19 17:27:33 | DEBUG | M03 |   depth= 9  train=1.000  test=0.933
2026-07-19 17:27:33 | DEBUG | M03 |   depth=10  train=1.000  test=0.933
2026-07-19 17:27:33 | DEBUG | M03 |   depth=11  train=1.000  test=0.933
2026-07-19 17:27:33 | DEBUG | M03 |   depth=12  train=1.000  test=0.933
2026-07-19 17:27:33 | INFO | M03 | ========================
2026-07-19 17:27:33 | INFO | M03 | SUMMARY
2026-07-19 17:27:33 | INFO | M03 | ========================
2026-07-19 17:27:33 | INFO | M03 | Dataset:   iris
2026-07-19 17:27:33 | INFO | M03 | Target:    species  (classification)
2026-07-19 17:27:33 | INFO | M03 | Features:  ['sepal_length', 'sepal_width', 'petal_length', 'petal_width']
2026-07-19 17:27:33 | INFO | M03 | Model:     DecisionTreeClassifier(max_depth=3)
2026-07-19 17:27:33 | INFO | M03 | ========================
2026-07-19 17:39:01 | INFO | M03 | === RUN START ===
2026-07-19 17:39:01 | INFO | M03 | project=M03
2026-07-19 17:39:01 | INFO | M03 | repo_dir=ml-03-classification
2026-07-19 17:39:01 | INFO | M03 | python=3.14.3
2026-07-19 17:39:01 | INFO | M03 | os=Windows 11
2026-07-19 17:39:01 | INFO | M03 | shell=powershell
2026-07-19 17:39:01 | INFO | M03 | cwd=notebooks
2026-07-19 17:39:01 | INFO | M03 | github_actions=False
2026-07-19 17:39:01 | INFO | M03 | Confirming installation:
2026-07-19 17:39:01 | INFO | M03 |   python:       3.14.3
2026-07-19 17:39:01 | INFO | M03 |   pandas:       3.0.3
2026-07-19 17:39:01 | INFO | M03 |   numpy:        2.5.1
2026-07-19 17:39:01 | INFO | M03 |   scikit-learn: 1.9.0
2026-07-19 17:39:01 | INFO | M03 |   seaborn:      0.13.2
2026-07-19 17:39:01 | INFO | M03 |   matplotlib:   3.11.0
2026-07-19 17:39:01 | INFO | M03 | Loading dataset: iris
2026-07-19 17:39:01 | INFO | M03 | Loaded: 150 rows (instances), 5 columns
2026-07-19 17:39:01 | INFO | M03 | Original rows: 150
2026-07-19 17:39:01 | INFO | M03 | Model rows:    150
2026-07-19 17:39:01 | INFO | M03 | Classes in target 'species': ['setosa', 'versicolor', 'virginica']
2026-07-19 17:39:01 | DEBUG | M03 | Class counts:
species
setosa        50
versicolor    50
virginica     50
Name: count, dtype: int64
2026-07-19 17:39:01 | INFO | M03 | Constructing features (vectorized, none are derived from the target)
2026-07-19 17:39:01 | INFO | M03 | Added features: ['petal_ratio', 'sepal_ratio', 'petal_to_sepal_ratio', 'petal_diff', 'petal_area', 'petal_size']
2026-07-19 17:39:01 | DEBUG | M03 | Sample of constructed features:
2026-07-19 17:39:01 | DEBUG | M03 | 
  species  petal_ratio  sepal_ratio  petal_to_sepal_ratio  petal_diff  petal_area petal_size
0  setosa          7.0     1.457143              0.274510         1.2        0.28    , small
1  setosa          7.0     1.633333              0.285714         1.2        0.28    , small
2  setosa          6.5     1.468750              0.276596         1.1        0.26    , small
3  setosa          7.5     1.483871              0.326087         1.3        0.30    , small
4  setosa          7.0     1.388889              0.280000         1.2        0.28    , small
2026-07-19 17:39:01 | INFO | M03 | Train instances: 120
2026-07-19 17:39:01 | INFO | M03 | Test instances: 30
2026-07-19 17:39:01 | INFO | M03 | Fitting DecisionTreeClassifier(max_depth=3)
2026-07-19 17:39:01 | INFO | M03 | Test accuracy: 0.967
2026-07-19 17:39:01 | INFO | M03 | Test F1 Score: 0.967
2026-07-19 17:39:01 | INFO | M03 | Test Precision: 0.970
2026-07-19 17:39:01 | INFO | M03 | Test Recall: 0.967
2026-07-19 17:39:01 | INFO | M03 | Per-class precision / recall / F1:
2026-07-19 17:39:01 | DEBUG | M03 | 
              precision    recall  f1-score   support

      setosa       1.00      1.00      1.00        10
  versicolor       1.00      0.90      0.95        10
   virginica       0.91      1.00      0.95        10

    accuracy                           0.97        30
   macro avg       0.97      0.97      0.97        30
weighted avg       0.97      0.97      0.97        30

2026-07-19 17:39:01 | INFO | M03 | Showing confusion matrix (rows = actual, cols = predicted)
2026-07-19 17:39:01 | DEBUG | M03 |   depth= 1  train=0.667  test=0.667
2026-07-19 17:39:01 | DEBUG | M03 |   depth= 2  train=0.967  test=0.933
2026-07-19 17:39:01 | DEBUG | M03 |   depth= 3  train=0.983  test=0.967
2026-07-19 17:39:01 | DEBUG | M03 |   depth= 4  train=0.992  test=0.933
2026-07-19 17:39:01 | DEBUG | M03 |   depth= 5  train=1.000  test=0.933
2026-07-19 17:39:01 | DEBUG | M03 |   depth= 6  train=1.000  test=0.933
2026-07-19 17:39:01 | DEBUG | M03 |   depth= 7  train=1.000  test=0.933
2026-07-19 17:39:01 | DEBUG | M03 |   depth= 8  train=1.000  test=0.933
2026-07-19 17:39:01 | DEBUG | M03 |   depth= 9  train=1.000  test=0.933
2026-07-19 17:39:01 | DEBUG | M03 |   depth=10  train=1.000  test=0.933
2026-07-19 17:39:01 | DEBUG | M03 |   depth=11  train=1.000  test=0.933
2026-07-19 17:39:01 | DEBUG | M03 |   depth=12  train=1.000  test=0.933
2026-07-19 17:39:02 | INFO | M03 | ========================
2026-07-19 17:39:02 | INFO | M03 | SUMMARY
2026-07-19 17:39:02 | INFO | M03 | ========================
2026-07-19 17:39:02 | INFO | M03 | Dataset:   iris
2026-07-19 17:39:02 | INFO | M03 | Target:    species  (classification)
2026-07-19 17:39:02 | INFO | M03 | Features:  ['sepal_length', 'sepal_width', 'petal_length', 'petal_width']
2026-07-19 17:39:02 | INFO | M03 | Model:     DecisionTreeClassifier(max_depth=3)
2026-07-19 17:39:02 | INFO | M03 | ========================
2026-07-19 17:48:03 | INFO | M03 | === RUN START ===
2026-07-19 17:48:03 | INFO | M03 | project=M03
2026-07-19 17:48:03 | INFO | M03 | repo_dir=ml-03-classification
2026-07-19 17:48:03 | INFO | M03 | python=3.14.3
2026-07-19 17:48:03 | INFO | M03 | os=Windows 11
2026-07-19 17:48:03 | INFO | M03 | shell=powershell
2026-07-19 17:48:03 | INFO | M03 | cwd=notebooks
2026-07-19 17:48:03 | INFO | M03 | github_actions=False
2026-07-19 17:48:03 | INFO | M03 | Confirming installation:
2026-07-19 17:48:03 | INFO | M03 |   python:       3.14.3
2026-07-19 17:48:03 | INFO | M03 |   pandas:       3.0.3
2026-07-19 17:48:03 | INFO | M03 |   numpy:        2.5.1
2026-07-19 17:48:03 | INFO | M03 |   scikit-learn: 1.9.0
2026-07-19 17:48:03 | INFO | M03 |   seaborn:      0.13.2
2026-07-19 17:48:03 | INFO | M03 |   matplotlib:   3.11.0
2026-07-19 17:48:03 | INFO | M03 | Loading dataset: iris
2026-07-19 17:48:03 | INFO | M03 | Loaded: 150 rows (instances), 5 columns
2026-07-19 17:48:03 | INFO | M03 | Original rows: 150
2026-07-19 17:48:03 | INFO | M03 | Model rows:    150
2026-07-19 17:48:03 | INFO | M03 | Classes in target 'species': ['setosa', 'versicolor', 'virginica']
2026-07-19 17:48:03 | DEBUG | M03 | Class counts:
species
setosa        50
versicolor    50
virginica     50
Name: count, dtype: int64
2026-07-19 17:48:03 | INFO | M03 | Constructing features (vectorized, none are derived from the target)
2026-07-19 17:48:03 | INFO | M03 | Added features: ['petal_ratio', 'sepal_ratio', 'petal_to_sepal_ratio', 'petal_diff', 'petal_area', 'petal_size']
2026-07-19 17:48:03 | DEBUG | M03 | Sample of constructed features:
2026-07-19 17:48:03 | DEBUG | M03 | 
  species  petal_ratio  sepal_ratio  petal_to_sepal_ratio  petal_diff  petal_area petal_size
0  setosa          7.0     1.457143              0.274510         1.2        0.28    , small
1  setosa          7.0     1.633333              0.285714         1.2        0.28    , small
2  setosa          6.5     1.468750              0.276596         1.1        0.26    , small
3  setosa          7.5     1.483871              0.326087         1.3        0.30    , small
4  setosa          7.0     1.388889              0.280000         1.2        0.28    , small
2026-07-19 17:48:04 | INFO | M03 | Train instances: 120
2026-07-19 17:48:04 | INFO | M03 | Test instances: 30
2026-07-19 17:48:04 | INFO | M03 | Fitting DecisionTreeClassifier(max_depth=3)
2026-07-19 17:48:04 | INFO | M03 | Test accuracy: 0.967
2026-07-19 17:48:04 | INFO | M03 | Test F1 Score: 0.967
2026-07-19 17:48:04 | INFO | M03 | Test Precision: 0.970
2026-07-19 17:48:04 | INFO | M03 | Test Recall: 0.967
2026-07-19 17:48:04 | INFO | M03 | Per-class precision / recall / F1:
2026-07-19 17:48:04 | DEBUG | M03 | 
              precision    recall  f1-score   support

      setosa       1.00      1.00      1.00        10
  versicolor       1.00      0.90      0.95        10
   virginica       0.91      1.00      0.95        10

    accuracy                           0.97        30
   macro avg       0.97      0.97      0.97        30
weighted avg       0.97      0.97      0.97        30

2026-07-19 17:48:04 | INFO | M03 | Showing confusion matrix (rows = actual, cols = predicted)
2026-07-19 17:48:04 | DEBUG | M03 |   depth= 1  train=0.667  test=0.667
2026-07-19 17:48:04 | DEBUG | M03 |   depth= 2  train=0.967  test=0.933
2026-07-19 17:48:04 | DEBUG | M03 |   depth= 3  train=0.983  test=0.967
2026-07-19 17:48:04 | DEBUG | M03 |   depth= 4  train=0.992  test=0.933
2026-07-19 17:48:04 | DEBUG | M03 |   depth= 5  train=1.000  test=0.933
2026-07-19 17:48:04 | DEBUG | M03 |   depth= 6  train=1.000  test=0.933
2026-07-19 17:48:04 | DEBUG | M03 |   depth= 7  train=1.000  test=0.933
2026-07-19 17:48:04 | DEBUG | M03 |   depth= 8  train=1.000  test=0.933
2026-07-19 17:48:04 | DEBUG | M03 |   depth= 9  train=1.000  test=0.933
2026-07-19 17:48:04 | DEBUG | M03 |   depth=10  train=1.000  test=0.933
2026-07-19 17:48:04 | DEBUG | M03 |   depth=11  train=1.000  test=0.933
2026-07-19 17:48:04 | DEBUG | M03 |   depth=12  train=1.000  test=0.933
2026-07-19 17:48:04 | INFO | M03 | ========================
2026-07-19 17:48:04 | INFO | M03 | SUMMARY
2026-07-19 17:48:04 | INFO | M03 | ========================
2026-07-19 17:48:04 | INFO | M03 | Dataset:   iris
2026-07-19 17:48:04 | INFO | M03 | Target:    species  (classification)
2026-07-19 17:48:04 | INFO | M03 | Features:  ['sepal_length', 'sepal_width', 'petal_length', 'petal_width']
2026-07-19 17:48:04 | INFO | M03 | Model:     DecisionTreeClassifier(max_depth=3)
2026-07-19 17:48:04 | INFO | M03 | ========================
2026-07-19 17:56:38 | INFO | M03 | === RUN START ===
2026-07-19 17:56:38 | INFO | M03 | project=M03
2026-07-19 17:56:38 | INFO | M03 | repo_dir=ml-03-classification
2026-07-19 17:56:38 | INFO | M03 | python=3.14.3
2026-07-19 17:56:38 | INFO | M03 | os=Windows 11
2026-07-19 17:56:38 | INFO | M03 | shell=powershell
2026-07-19 17:56:38 | INFO | M03 | cwd=notebooks
2026-07-19 17:56:38 | INFO | M03 | github_actions=False
2026-07-19 17:56:38 | INFO | M03 | Confirming installation:
2026-07-19 17:56:38 | INFO | M03 |   python:       3.14.3
2026-07-19 17:56:38 | INFO | M03 |   pandas:       3.0.3
2026-07-19 17:56:38 | INFO | M03 |   numpy:        2.5.1
2026-07-19 17:56:38 | INFO | M03 |   scikit-learn: 1.9.0
2026-07-19 17:56:38 | INFO | M03 |   seaborn:      0.13.2
2026-07-19 17:56:38 | INFO | M03 |   matplotlib:   3.11.0
2026-07-19 17:56:38 | INFO | M03 | Loading dataset: iris
2026-07-19 17:56:38 | INFO | M03 | Loaded: 150 rows (instances), 5 columns
2026-07-19 17:56:38 | INFO | M03 | Original rows: 150
2026-07-19 17:56:38 | INFO | M03 | Model rows:    150
2026-07-19 17:56:38 | INFO | M03 | Classes in target 'species': ['setosa', 'versicolor', 'virginica']
2026-07-19 17:56:38 | DEBUG | M03 | Class counts:
species
setosa        50
versicolor    50
virginica     50
Name: count, dtype: int64
2026-07-19 17:56:38 | INFO | M03 | Constructing features (vectorized, none are derived from the target)
2026-07-19 17:56:38 | INFO | M03 | Added features: ['petal_ratio', 'sepal_ratio', 'petal_to_sepal_ratio', 'petal_diff', 'petal_area', 'petal_size']
2026-07-19 17:56:38 | DEBUG | M03 | Sample of constructed features:
2026-07-19 17:56:38 | DEBUG | M03 | 
  species  petal_ratio  sepal_ratio  petal_to_sepal_ratio  petal_diff  petal_area petal_size
0  setosa          7.0     1.457143              0.274510         1.2        0.28    , small
1  setosa          7.0     1.633333              0.285714         1.2        0.28    , small
2  setosa          6.5     1.468750              0.276596         1.1        0.26    , small
3  setosa          7.5     1.483871              0.326087         1.3        0.30    , small
4  setosa          7.0     1.388889              0.280000         1.2        0.28    , small
2026-07-19 17:56:39 | INFO | M03 | Train instances: 120
2026-07-19 17:56:39 | INFO | M03 | Test instances: 30
2026-07-19 17:56:39 | INFO | M03 | Fitting DecisionTreeClassifier(max_depth=3)
2026-07-19 17:56:39 | INFO | M03 | Test accuracy: 0.967
2026-07-19 17:56:39 | INFO | M03 | Test F1 Score: 0.967
2026-07-19 17:56:39 | INFO | M03 | Test Precision: 0.970
2026-07-19 17:56:39 | INFO | M03 | Test Recall: 0.967
2026-07-19 17:56:39 | INFO | M03 | Per-class precision / recall / F1:
2026-07-19 17:56:39 | DEBUG | M03 | 
              precision    recall  f1-score   support

      setosa       1.00      1.00      1.00        10
  versicolor       1.00      0.90      0.95        10
   virginica       0.91      1.00      0.95        10

    accuracy                           0.97        30
   macro avg       0.97      0.97      0.97        30
weighted avg       0.97      0.97      0.97        30

2026-07-19 17:56:39 | INFO | M03 | Showing confusion matrix (rows = actual, cols = predicted)
2026-07-19 17:56:39 | INFO | M03 | Showing normalized confusion matrix (each row sums to 1.0)
2026-07-19 17:56:39 | INFO | M03 | Showing feature importance plot
2026-07-19 17:56:39 | DEBUG | M03 |   depth= 1  train=0.667  test=0.667
2026-07-19 17:56:39 | DEBUG | M03 |   depth= 2  train=0.967  test=0.933
2026-07-19 17:56:39 | DEBUG | M03 |   depth= 3  train=0.983  test=0.967
2026-07-19 17:56:39 | DEBUG | M03 |   depth= 4  train=0.992  test=0.933
2026-07-19 17:56:39 | DEBUG | M03 |   depth= 5  train=1.000  test=0.933
2026-07-19 17:56:39 | DEBUG | M03 |   depth= 6  train=1.000  test=0.933
2026-07-19 17:56:39 | DEBUG | M03 |   depth= 7  train=1.000  test=0.933
2026-07-19 17:56:39 | DEBUG | M03 |   depth= 8  train=1.000  test=0.933
2026-07-19 17:56:39 | DEBUG | M03 |   depth= 9  train=1.000  test=0.933
2026-07-19 17:56:39 | DEBUG | M03 |   depth=10  train=1.000  test=0.933
2026-07-19 17:56:39 | DEBUG | M03 |   depth=11  train=1.000  test=0.933
2026-07-19 17:56:39 | DEBUG | M03 |   depth=12  train=1.000  test=0.933
2026-07-19 17:56:40 | INFO | M03 | ========================
2026-07-19 17:56:40 | INFO | M03 | SUMMARY
2026-07-19 17:56:40 | INFO | M03 | ========================
2026-07-19 17:56:40 | INFO | M03 | Dataset:   iris
2026-07-19 17:56:40 | INFO | M03 | Target:    species  (classification)
2026-07-19 17:56:40 | INFO | M03 | Features:  ['sepal_length', 'sepal_width', 'petal_length', 'petal_width']
2026-07-19 17:56:40 | INFO | M03 | Model:     DecisionTreeClassifier(max_depth=3)
2026-07-19 17:56:40 | INFO | M03 | ========================
2026-07-19 20:27:31 | INFO | ML | === RUN START ===
2026-07-19 20:27:31 | INFO | ML | project=ML
2026-07-19 20:27:31 | INFO | ML | repo_dir=ml-03-classification
2026-07-19 20:27:31 | INFO | ML | python=3.14.3
2026-07-19 20:27:31 | INFO | ML | os=Windows 11
2026-07-19 20:27:31 | INFO | ML | shell=powershell
2026-07-19 20:27:31 | INFO | ML | cwd=.
2026-07-19 20:27:31 | INFO | ML | github_actions=False
2026-07-20 21:19:25 | INFO | ML | === RUN START ===
2026-07-20 21:19:25 | INFO | ML | project=ML
2026-07-20 21:19:25 | INFO | ML | repo_dir=ml-03-classification
2026-07-20 21:19:25 | INFO | ML | python=3.14.3
2026-07-20 21:19:25 | INFO | ML | os=Windows 11
2026-07-20 21:19:25 | INFO | ML | shell=powershell
2026-07-20 21:19:25 | INFO | ML | cwd=.
2026-07-20 21:19:25 | INFO | ML | github_actions=False
